<?xml version="1.0" encoding="UTF-8"?>
<testsuite name="ru.larten.autotest.addressbook.tests.EditGroupTest" tests="1" skipped="0" failures="0" errors="0" timestamp="2024-02-16T11:32:41" hostname="Larten-PC" time="3.062">
  <properties/>
  <testcase name="editGroupTest" classname="ru.larten.autotest.addressbook.tests.EditGroupTest" time="3.062"/>
  <system-out><![CDATA[]]></system-out>
  <system-err><![CDATA[]]></system-err>
</testsuite>
