<?xml version="1.0" encoding="UTF-8"?>
<testsuite name="ru.larten.autotest.addressbook.tests.DeleteContactTest" tests="1" skipped="0" failures="0" errors="0" timestamp="2024-02-18T16:35:47" hostname="Larten-PC" time="2.388">
  <properties/>
  <testcase name="deleteContactTest" classname="ru.larten.autotest.addressbook.tests.DeleteContactTest" time="2.388"/>
  <system-out><![CDATA[]]></system-out>
  <system-err><![CDATA[]]></system-err>
</testsuite>
