<?xml version="1.0" encoding="UTF-8"?>
<testsuite name="ru.larten.autotest.addressbook.tests.DeleteGroupTest" tests="1" skipped="0" failures="0" errors="0" timestamp="2024-02-13T13:53:22" hostname="Larten-PC" time="2.994">
  <properties/>
  <testcase name="deleteGroupTest" classname="ru.larten.autotest.addressbook.tests.DeleteGroupTest" time="2.994"/>
  <system-out><![CDATA[]]></system-out>
  <system-err><![CDATA[]]></system-err>
</testsuite>
