<?xml version="1.0" encoding="UTF-8"?>
<testsuite name="ru.larten.autotest.addressbook.tests.CreateGroupTest" tests="1" skipped="0" failures="0" errors="0" timestamp="2024-02-27T11:18:59" hostname="smolenskiidd-pc" time="2.919">
  <properties/>
  <testcase name="testGroupCreation" classname="ru.larten.autotest.addressbook.tests.CreateGroupTest" time="2.919"/>
  <system-out><![CDATA[]]></system-out>
  <system-err><![CDATA[]]></system-err>
</testsuite>
