<?xml version="1.0" encoding="UTF-8"?>
<testsuite name="ru.larten.autotest.addressbook.DeleteGroupTestTwo" tests="1" skipped="0" failures="0" errors="0" timestamp="2024-02-09T13:57:23" hostname="smolenskiidd-pc" time="3.012">
  <properties/>
  <testcase name="deleteGroup" classname="ru.larten.autotest.addressbook.DeleteGroupTestTwo" time="3.012"/>
  <system-out><![CDATA[]]></system-out>
  <system-err><![CDATA[]]></system-err>
</testsuite>
