<?xml version="1.0" encoding="UTF-8"?>
<testsuite name="ru.larten.autotest.addressbook.CreateGroupTest" tests="1" skipped="0" failures="0" errors="0" timestamp="2024-02-09T18:21:35" hostname="Larten-PC" time="3.155">
  <properties/>
  <testcase name="testGroupCreation" classname="ru.larten.autotest.addressbook.CreateGroupTest" time="3.155"/>
  <system-out><![CDATA[]]></system-out>
  <system-err><![CDATA[]]></system-err>
</testsuite>
