<?xml version="1.0" encoding="UTF-8"?>
<testsuite name="ru.larten.autotest.addressbook.tests.CreateContactTest" tests="1" skipped="0" failures="0" errors="0" timestamp="2024-02-18T18:23:48" hostname="Larten-PC" time="11.904">
  <properties/>
  <testcase name="createContactTest" classname="ru.larten.autotest.addressbook.tests.CreateContactTest" time="11.904"/>
  <system-out><![CDATA[]]></system-out>
  <system-err><![CDATA[]]></system-err>
</testsuite>
