<?xml version="1.0" encoding="UTF-8"?>
<testsuite name="ru.larten.autotest.addressbook.tests.EditGroupTest" tests="1" skipped="0" failures="0" errors="0" timestamp="2024-02-18T17:52:30" hostname="Larten-PC" time="3.334">
  <properties/>
  <testcase name="editGroupTest" classname="ru.larten.autotest.addressbook.tests.EditGroupTest" time="3.334"/>
  <system-out><![CDATA[]]></system-out>
  <system-err><![CDATA[]]></system-err>
</testsuite>
