<?xml version="1.0" encoding="UTF-8"?>
<testsuite name="ru.larten.autotest.addressbook.tests.CreateContactTest" tests="1" skipped="0" failures="0" errors="0" timestamp="2024-02-27T08:32:57" hostname="smolenskiidd-pc" time="20.599">
  <properties/>
  <testcase name="createContactTest" classname="ru.larten.autotest.addressbook.tests.CreateContactTest" time="20.599"/>
  <system-out><![CDATA[]]></system-out>
  <system-err><![CDATA[]]></system-err>
</testsuite>
