<?xml version="1.0" encoding="UTF-8"?>
<testsuite name="ru.larten.autotest.addressbook.DeleteGroupTest" tests="1" skipped="0" failures="0" errors="0" timestamp="2024-02-09T17:40:55" hostname="Larten-PC" time="2.305">
  <properties/>
  <testcase name="deleteGroupTest" classname="ru.larten.autotest.addressbook.DeleteGroupTest" time="2.305"/>
  <system-out><![CDATA[]]></system-out>
  <system-err><![CDATA[]]></system-err>
</testsuite>
