<?xml version="1.0" encoding="UTF-8"?>
<testsuite name="ru.larten.autotest.addressbook.tests.DeleteGroupTest" tests="1" skipped="0" failures="0" errors="0" timestamp="2024-02-12T15:13:57" hostname="Larten-PC" time="2.485">
  <properties/>
  <testcase name="deleteGroupTest" classname="ru.larten.autotest.addressbook.tests.DeleteGroupTest" time="2.485"/>
  <system-out><![CDATA[]]></system-out>
  <system-err><![CDATA[]]></system-err>
</testsuite>
