<?xml version="1.0" encoding="UTF-8"?>
<testsuite name="ru.larten.autotest.addressbook.tests.EditGroupTest" tests="1" skipped="0" failures="0" errors="0" timestamp="2024-02-27T07:44:23" hostname="smolenskiidd-pc" time="4.485">
  <properties/>
  <testcase name="editGroupTest" classname="ru.larten.autotest.addressbook.tests.EditGroupTest" time="4.485"/>
  <system-out><![CDATA[]]></system-out>
  <system-err><![CDATA[]]></system-err>
</testsuite>
